[2026-07-15T10:45:27.959Z] TÉLÉCHARGÉ renderer.js (3407672 octets) → pending
[2026-07-15T10:58:31.712Z] APPLIQUÉ renderer.js (3407690 octets)
[2026-07-15T10:58:32.529Z] renderer identique au disque, rien à faire
[2026-07-15T11:15:59.080Z] à jour (sha a1ea389)
[2026-07-15T11:18:00.345Z] à jour (sha a1ea389)
[2026-07-15T11:25:19.144Z] à jour (sha a1ea389)
[2026-07-15T11:38:58.730Z] TÉLÉCHARGÉ renderer.js (3414684 o) → pending
[2026-07-15T11:51:31.621Z] APPLIQUÉ renderer.js (3414726 o)
[2026-07-15T11:51:32.493Z] TÉLÉCHARGÉ renderer.js (3414033 o) → pending
[2026-07-15T11:52:00.148Z] APPLIQUÉ renderer.js (3414075 o)
[2026-07-15T11:52:00.721Z] à jour (b9429bff1c)
[2026-07-15T11:52:14.331Z] TÉLÉCHARGÉ renderer.js (3414033 o) → pending
[2026-07-15T11:52:27.423Z] APPLIQUÉ renderer.js (3414075 o)
[2026-07-15T11:52:27.982Z] à jour (b9429bff1c)
[2026-07-15T15:40:02.363Z] TÉLÉCHARGÉ renderer.js (3419622 o) → pending [raw6d66dd84] (installé=__NEXIUM_APPLIED_SHA__)
[2026-07-15T15:40:02.628Z] TÉLÉCHARGÉ renderer.css → pending
[2026-07-15T15:40:11.328Z] APPLIQUÉ renderer.js (3419611 o)
[2026-07-15T15:40:11.329Z] APPLIQUÉ renderer.css (285001 o)
[2026-07-15T15:40:11.915Z] à jour (raw6d66dd84)
[2026-07-15T15:40:22.032Z] à jour (raw6d66dd84)
